Start testing: Feb 27 16:05 RTZ 2 (çèìà)
----------------------------------------------------------
1/2 Testing: test_bubble
1/2 Test: test_bubble
Command: "C:/_IT/code/super/260223_long_number/projects/build/bubble_sort/test/test_bubble.exe"
Directory: C:/_IT/code/super/260223_long_number/projects/build/bubble_sort/test
"test_bubble" start time: Feb 27 16:05 RTZ 2 (çèìà)
Output:
----------------------------------------------------------
[==========] Running 1 test from 1 test suite.
[----------] Global test environment set-up.
[----------] 1 test from ArraysEqual
[ RUN      ] ArraysEqual.AnyElementsCount
[       OK ] ArraysEqual.AnyElementsCount (0 ms)
[----------] 1 test from ArraysEqual (0 ms total)

[----------] Global test environment tear-down
[==========] 1 test from 1 test suite ran. (0 ms total)
[  PASSED  ] 1 test.
<end of output>
Test time =   0.21 sec
----------------------------------------------------------
Test Passed.
"test_bubble" end time: Feb 27 16:05 RTZ 2 (çèìà)
"test_bubble" time elapsed: 00:00:00
----------------------------------------------------------

2/2 Testing: test_long_number
2/2 Test: test_long_number
Command: "C:/_IT/code/super/260223_long_number/projects/build/long_number/test/test_long_number.exe"
Directory: C:/_IT/code/super/260223_long_number/projects/build/long_number/test
"test_long_number" start time: Feb 27 16:05 RTZ 2 (çèìà)
Output:
----------------------------------------------------------
[==========] Running 10 tests from 1 test suite.
[----------] Global test environment set-up.
[----------] 10 tests from LongNumberTest
[ RUN      ] LongNumberTest.DefaultConstructor
[       OK ] LongNumberTest.DefaultConstructor (0 ms)
[ RUN      ] LongNumberTest.StringConstructorPositive
[       OK ] LongNumberTest.StringConstructorPositive (0 ms)
[ RUN      ] LongNumberTest.StringConstructorNegative
[       OK ] LongNumberTest.StringConstructorNegative (0 ms)
[ RUN      ] LongNumberTest.StringConstructorZero
[       OK ] LongNumberTest.StringConstructorZero (0 ms)
[ RUN      ] LongNumberTest.CopyConstructor
[       OK ] LongNumberTest.CopyConstructor (0 ms)
[ RUN      ] LongNumberTest.EqualityOperator
[       OK ] LongNumberTest.EqualityOperator (0 ms)
[ RUN      ] LongNumberTest.InequalityOperator
[       OK ] LongNumberTest.InequalityOperator (0 ms)
[ RUN      ] LongNumberTest.GreaterOperator
[       OK ] LongNumberTest.GreaterOperator (0 ms)
[ RUN      ] LongNumberTest.LessOperator
[       OK ] LongNumberTest.LessOperator (0 ms)
[ RUN      ] LongNumberTest.IsNegative
[       OK ] LongNumberTest.IsNegative (0 ms)
[----------] 10 tests from LongNumberTest (0 ms total)

[----------] Global test environment tear-down
[==========] 10 tests from 1 test suite ran. (0 ms total)
[  PASSED  ] 10 tests.
<end of output>
Test time =   0.10 sec
----------------------------------------------------------
Test Passed.
"test_long_number" end time: Feb 27 16:05 RTZ 2 (çèìà)
"test_long_number" time elapsed: 00:00:00
----------------------------------------------------------

End testing: Feb 27 16:05 RTZ 2 (çèìà)
